[10-Apr-2018 19:20:59 UTC] PHP Parse error:  syntax error, unexpected '.' in /var/www/html/oneemstest/cellsitetech-dashboard.php on line 14
[10-Apr-2018 19:55:18 UTC] PHP Fatal error:  Maximum execution time of 360 seconds exceeded in /var/www/html/oneemstest/cellsitetech-configuration.php on line 121
[10-Apr-2018 23:44:41 UTC] PHP Fatal error:  Uncaught PDOException: SQLSTATE[42S22]: Column not found: 1054 Unknown column 'detail' in 'field list' in /var/www/html/oneemstest/classes/db2.class.php:65
Stack trace:
#0 /var/www/html/oneemstest/classes/db2.class.php(65): PDOStatement->execute()
#1 /var/www/html/oneemstest/functions.php(2632): db2->execute()
#2 /var/www/html/oneemstest/healthchk-cellsitetech-custom.php(52): update_healthchk_info('4033', Array, '2018-04-10 23:4...')
#3 {main}
  thrown in /var/www/html/oneemstest/classes/db2.class.php on line 65
[10-Apr-2018 23:45:16 UTC] PHP Fatal error:  Uncaught PDOException: SQLSTATE[42S22]: Column not found: 1054 Unknown column 'detail' in 'field list' in /var/www/html/oneemstest/classes/db2.class.php:65
Stack trace:
#0 /var/www/html/oneemstest/classes/db2.class.php(65): PDOStatement->execute()
#1 /var/www/html/oneemstest/functions.php(2632): db2->execute()
#2 /var/www/html/oneemstest/healthchk-cellsitetech-custom.php(52): update_healthchk_info('4033', Array, '2018-04-10 23:4...')
#3 {main}
  thrown in /var/www/html/oneemstest/classes/db2.class.php on line 65
[11-Apr-2018 00:40:45 UTC] PHP Notice:  Undefined index: data in /var/www/html/oneemstest/api-test-manual-device-disc.php on line 40
[11-Apr-2018 00:40:45 UTC] PHP Notice:  Undefined index: status in /var/www/html/oneemstest/api-test-manual-device-disc.php on line 80
[11-Apr-2018 00:56:26 UTC] PHP Fatal error:  Uncaught PDOException: SQLSTATE[42S22]: Column not found: 1054 Unknown column 'detail' in 'field list' in /var/www/html/oneemstest/classes/db2.class.php:65
Stack trace:
#0 /var/www/html/oneemstest/classes/db2.class.php(65): PDOStatement->execute()
#1 /var/www/html/oneemstest/functions.php(2632): db2->execute()
#2 /var/www/html/oneemstest/healthchk-cellsitetech-custom.php(52): update_healthchk_info('4050', Array, '2018-04-11 00:5...')
#3 {main}
  thrown in /var/www/html/oneemstest/classes/db2.class.php on line 65
[11-Apr-2018 00:59:53 UTC] PHP Notice:  Undefined variable: url in /var/www/html/oneemstest/devdetmdl-cellsite.php on line 99
[11-Apr-2018 01:00:01 UTC] PHP Notice:  Undefined variable: url in /var/www/html/oneemstest/devdetmdl-cellsite.php on line 99
[11-Apr-2018 01:00:25 UTC] PHP Notice:  Undefined variable: url in /var/www/html/oneemstest/devdetmdl-cellsite.php on line 99
[11-Apr-2018 01:01:16 UTC] PHP Notice:  Undefined variable: device in /var/www/html/oneemstest/devdetmdl-cellsite.php on line 99
[11-Apr-2018 01:01:16 UTC] PHP Notice:  Undefined variable: url in /var/www/html/oneemstest/devdetmdl-cellsite.php on line 99
[11-Apr-2018 01:02:43 UTC] PHP Notice:  Undefined variable: device in /var/www/html/oneemstest/devdetmdl-cellsite.php on line 99
[11-Apr-2018 01:02:43 UTC] PHP Notice:  Undefined variable: url in /var/www/html/oneemstest/devdetmdl-cellsite.php on line 99
[11-Apr-2018 01:02:43 UTC] PHP Notice:  Undefined variable: device in /var/www/html/oneemstest/devdetmdl-cellsite.php on line 99
[11-Apr-2018 01:02:43 UTC] PHP Notice:  Undefined variable: url in /var/www/html/oneemstest/devdetmdl-cellsite.php on line 99
[11-Apr-2018 01:06:17 UTC] PHP Fatal error:  Uncaught PDOException: SQLSTATE[42S22]: Column not found: 1054 Unknown column 'detail' in 'field list' in /var/www/html/oneemstest/classes/db2.class.php:65
Stack trace:
#0 /var/www/html/oneemstest/classes/db2.class.php(65): PDOStatement->execute()
#1 /var/www/html/oneemstest/functions.php(2632): db2->execute()
#2 /var/www/html/oneemstest/healthchk-cellsitetech-custom.php(52): update_healthchk_info('4050', Array, '2018-04-11 01:0...')
#3 {main}
  thrown in /var/www/html/oneemstest/classes/db2.class.php on line 65
