"2018-07-03 12:05:34"|::1|/oneemstest/cellsitetech-dashboard.php|" User name: debarle User type : Cell sitetechnician Page:  cellsitetech landing page Description: Logged in. "
"2018-07-03 12:05:34"|::1|/oneemstest/cellsitetech-dashboard.php|" User name: debarle User type : Cell sitetechnician Page:  Network Elements page Description: Cell Site Tech has logged into the application."
"2018-07-03 12:06:12"|::1|/oneemstest/generate-pre-script.php|" User name: debarle User type : Cell sitetechnician Page:  Generate script page Description: Cell Site Tech has navigated to the Generate Script page."
"2018-07-03 12:06:22"|::1|/oneemstest/generate-post-script.php|" User name: debarle User type : Cell sitetechnician Page:  Generate script 2 page Description: Cell Site Tech has chosen their configuration and is ready to edit their script's editable fields."
"2018-07-03 12:06:49"|::1|/oneemstest/scripting.php|" User name: debarle User type : Cell sitetechnician Page:  Load Template config page Description: Cell Site Tech has initiated the Load Template process."
"2018-07-03 12:07:11"|::1|/oneemstest/cellsitetech-configuration.php|" User name: debarle User type : Cell sitetechnician Page:  Load Template file upload page Description: Cell Site Tech has chosen their configuration and is ready to select a file to upload."
"2018-07-03 12:08:18"|::1|/oneemstest/cellsitetech-configuration.php|" User name: debarle User type : Cell sitetechnician Page:  Load Template file upload page Description: Cell Site Tech has chosen their configuration and is ready to select a file to upload."
"2018-07-03 12:08:35"|::1|/oneemstest/generate-pre-script.php|" User name: debarle User type : Cell sitetechnician Page:  Generate script page Description: Cell Site Tech has navigated to the Generate Script page."
"2018-07-03 12:08:45"|::1|/oneemstest/generate-post-script.php|" User name: debarle User type : Cell sitetechnician Page:  Generate script 2 page Description: Cell Site Tech has chosen their configuration and is ready to edit their script's editable fields."
"2018-07-03 12:13:04"|::1|/oneemstest/scripting.php|" User name: debarle User type : Cell sitetechnician Page:  Load Template config page Description: Cell Site Tech has initiated the Load Template process."
"2018-07-03 12:13:15"|::1|/oneemstest/cellsitetech-configuration.php|" User name: debarle User type : Cell sitetechnician Page:  Load Template file upload page Description: Cell Site Tech has chosen their configuration and is ready to select a file to upload."
"2018-07-03 12:22:00"|::1|/oneemstest/cellsitetech-configuration.php|" User name: debarle User type : Cell sitetechnician Page:  Load Template file upload page Description: Cell Site Tech has chosen their configuration and is ready to select a file to upload."
"2018-07-03 12:23:42"|::1|/oneemstest/generate-pre-script.php|" User name: debarle User type : Cell sitetechnician Page:  Generate script page Description: Cell Site Tech has navigated to the Generate Script page."
"2018-07-03 12:23:53"|::1|/oneemstest/generate-post-script.php|" User name: debarle User type : Cell sitetechnician Page:  Generate script 2 page Description: Cell Site Tech has chosen their configuration and is ready to edit their script's editable fields."
"2018-07-03 12:36:53"|::1|/oneemstest/cellsitetech-dashboard.php|" User name: darbomu User type : Cell sitetechnician Page:  cellsitetech landing page Description: Logged in. "
"2018-07-03 12:36:53"|::1|/oneemstest/cellsitetech-dashboard.php|" User name: darbomu User type : Cell sitetechnician Page:  Network Elements page Description: Cell Site Tech has logged into the application."
"2018-07-03 12:36:58"|::1|/oneemstest/scripting.php|" User name: darbomu User type : Cell sitetechnician Page:  Load Template config page Description: Cell Site Tech has initiated the Load Template process."
"2018-07-03 12:37:09"|::1|/oneemstest/cellsitetech-configuration.php|" User name: darbomu User type : Cell sitetechnician Page:  Load Template file upload page Description: Cell Site Tech has chosen their configuration and is ready to select a file to upload."
"2018-07-03 12:37:15"|::1|/oneemstest/cellsitetech-configuration.php|" User name: darbomu User type : Cell sitetechnician Page:  Load Template file upload page Description: Cell Site Tech has chosen their configuration and is ready to select a file to upload."
"2018-07-03 12:38:55"|::1|/oneemstest/cellsitetech-configuration.php|" User name: darbomu User type : Cell sitetechnician Page:  Load Template file upload page Description: Cell Site Tech has chosen their configuration and is ready to select a file to upload."
"2018-07-03 12:39:10"|::1|/oneemstest/generate-pre-script.php|" User name: darbomu User type : Cell sitetechnician Page:  Generate script page Description: Cell Site Tech has navigated to the Generate Script page."
"2018-07-03 12:39:34"|::1|/oneemstest/generate-post-script.php|" User name: darbomu User type : Cell sitetechnician Page:  Generate script 2 page Description: Cell Site Tech has chosen their configuration and is ready to edit their script's editable fields."
"2018-07-03 12:41:05"|::1|/oneemstest/cellsitetech-dashboard.php|" User name: darbomu User type : Cell sitetechnician Page:  cellsitetech landing page Description: Logged in. "
"2018-07-03 12:41:05"|::1|/oneemstest/cellsitetech-dashboard.php|" User name: darbomu User type : Cell sitetechnician Page:  Network Elements page Description: Cell Site Tech has logged into the application."
"2018-07-03 12:41:08"|::1|/oneemstest/cellsitetech-user-devicelist.php?userid=1&listid=0|" User name: darbomu User type : Cell sitetechnician Page:  Health Check (cell site technician) page Description: Cell Site Tech has executed Health Check."
"2018-07-03 13:11:29"|::1|/oneemstest/cellsitetech-restorebackup.php|" User name: darbomu User type : Cell sitetechnician Page:  Backup page Description: Cell Site Tech has navigated to the Backup page."
"2018-07-03 16:09:34"|::1|/oneemstest/cellsitetech-dashboard.php|" User name: debarle User type : Cell sitetechnician Page:  cellsitetech landing page Description: Logged in. "
"2018-07-03 16:09:34"|::1|/oneemstest/cellsitetech-dashboard.php|" User name: debarle User type : Cell sitetechnician Page:  Network Elements page Description: Cell Site Tech has logged into the application."
"2018-07-03 16:09:43"|::1|/oneemstest/scripting.php|" User name: debarle User type : Cell sitetechnician Page:  Load Template config page Description: Cell Site Tech has initiated the Load Template process."
"2018-07-03 16:11:33"|::1|/oneemstest/schedule-backup.php|" User name: debarle User type : Cell sitetechnician Page:  Schedule-backup Settings Description: Cell Site Tech has navigated to the OS Repository Software Upload page."
"2018-07-03 16:11:43"|::1|/oneemstest/sw-bootorder-sequence-new.php|" User name: debarle User type : Cell sitetechnician Page:  Change-bootorder-sequence Settings Description: Cell Site Tech has navigated to the OS Repository Software Upload page."
"2018-07-03 16:11:48"|::1|/oneemstest/schedule-backup.php|" User name: debarle User type : Cell sitetechnician Page:  Schedule-backup Settings Description: Cell Site Tech has navigated to the OS Repository Software Upload page."
"2018-07-03 16:35:47"|::1|/oneemstest/cellsitetech-discovery.php|" User name: debarle User type : Cell sitetechnician Page:  Discovery Results page Description: Cell Site Tech has navigated to the Discovery Results page."
"2018-07-03 16:35:53"|::1|/oneemstest/generate-pre-script.php|" User name: debarle User type : Cell sitetechnician Page:  Generate script page Description: Cell Site Tech has navigated to the Generate Script page."
"2018-07-03 16:46:43"|::1|/oneemstest/generate-pre-script.php|" User name: debarle User type : Cell sitetechnician Page:  Generate script page Description: Cell Site Tech has navigated to the Generate Script page."
"2018-07-03 17:11:08"|::1|/oneemstest/generate-pre-script.php|" User name: debarle User type : Cell sitetechnician Page:  Generate script page Description: Cell Site Tech has navigated to the Generate Script page."
"2018-07-03 17:11:16"|::1|/oneemstest/scripting.php|" User name: debarle User type : Cell sitetechnician Page:  Load Template config page Description: Cell Site Tech has initiated the Load Template process."
"2018-07-03 17:11:26"|::1|/oneemstest/cellsitetech-configuration.php|" User name: debarle User type : Cell sitetechnician Page:  Load Template file upload page Description: Cell Site Tech has chosen their configuration and is ready to select a file to upload."
"2018-07-03 17:11:34"|::1|/oneemstest/cellsitetech-configuration.php|" User name: debarle User type : Cell sitetechnician Page:  Load Template file upload page Description: Cell Site Tech has chosen their configuration and is ready to select a file to upload."
"2018-07-03 17:12:59"|::1|/oneemstest/cellsitetech-configuration.php|" User name: debarle User type : Cell sitetechnician Page:  Load Template file upload page Description: Cell Site Tech has chosen their configuration and is ready to select a file to upload."
"2018-07-03 17:13:05"|::1|/oneemstest/generate-pre-script.php|" User name: debarle User type : Cell sitetechnician Page:  Generate script page Description: Cell Site Tech has navigated to the Generate Script page."
"2018-07-03 17:13:20"|::1|/oneemstest/generate-post-script.php|" User name: debarle User type : Cell sitetechnician Page:  Generate script 2 page Description: Cell Site Tech has chosen their configuration and is ready to edit their script's editable fields."
"2018-07-03 17:26:02"|::1|/oneemstest/generate-post-script.php|" User name: debarle User type : Cell sitetechnician Page:  Generate script 2 page Description: Cell Site Tech has chosen their configuration and is ready to edit their script's editable fields."
"2018-07-03 17:26:06"|::1|/oneemstest/config-template-uservar.php|" User name: debarle User type : Cell sitetechnician Page:  Schedule-backup Settings Description: Cell Site Tech has navigated to the OS Repository Software Upload page."
"2018-07-03 17:27:25"|::1|/oneemstest/config-template-uservar.php|" User name: debarle User type : Cell sitetechnician Page:  Schedule-backup Settings Description: Cell Site Tech has navigated to the OS Repository Software Upload page."
"2018-07-03 17:29:04"|::1|/oneemstest/config-template-uservar.php|" User name: debarle User type : Cell sitetechnician Page:  Schedule-backup Settings Description: Cell Site Tech has navigated to the OS Repository Software Upload page."
"2018-07-03 17:29:36"|::1|/oneemstest/config-template-uservar.php|" User name: debarle User type : Cell sitetechnician Page:  Schedule-backup Settings Description: Cell Site Tech has navigated to the OS Repository Software Upload page."
"2018-07-03 17:33:14"|::1|/oneemstest/config-template-uservar.php|" User name: debarle User type : Cell sitetechnician Page:  Schedule-backup Settings Description: Cell Site Tech has navigated to the OS Repository Software Upload page."
"2018-07-03 17:35:14"|::1|/oneemstest/config-template-uservar.php|" User name: debarle User type : Cell sitetechnician Page:  Schedule-backup Settings Description: Cell Site Tech has navigated to the OS Repository Software Upload page."
"2018-07-03 17:35:25"|::1|/oneemstest/config-template-uservar.php|" User name: debarle User type : Cell sitetechnician Page:  Schedule-backup Settings Description: Cell Site Tech has navigated to the OS Repository Software Upload page."
"2018-07-03 17:37:01"|::1|/oneemstest/config-template-uservar.php|" User name: debarle User type : Cell sitetechnician Page:  Schedule-backup Settings Description: Cell Site Tech has navigated to the OS Repository Software Upload page."
"2018-07-03 17:37:07"|::1|/oneemstest/sw-bootorder-sequence-new.php|" User name: debarle User type : Cell sitetechnician Page:  Change-bootorder-sequence Settings Description: Cell Site Tech has navigated to the OS Repository Software Upload page."
"2018-07-03 17:37:13"|::1|/oneemstest/sw-bootorder-sequence-new.php|" User name: debarle User type : Cell sitetechnician Page:  Change-bootorder-sequence Settings Description: Cell Site Tech has navigated to the OS Repository Software Upload page."
"2018-07-03 17:37:20"|::1|/oneemstest/schedule-backup.php|" User name: debarle User type : Cell sitetechnician Page:  Schedule-backup Settings Description: Cell Site Tech has navigated to the OS Repository Software Upload page."
"2018-07-03 17:40:40"|::1|/oneemstest/schedule-backup.php|" User name: debarle User type : Cell sitetechnician Page:  Schedule-backup Settings Description: Cell Site Tech has navigated to the OS Repository Software Upload page."
"2018-07-03 17:40:47"|::1|/oneemstest/config-template-uservar.php|" User name: debarle User type : Cell sitetechnician Page:  Schedule-backup Settings Description: Cell Site Tech has navigated to the OS Repository Software Upload page."
"2018-07-03 17:41:26"|::1|/oneemstest/config-template-uservar.php|" User name: debarle User type : Cell sitetechnician Page:  Schedule-backup Settings Description: Cell Site Tech has navigated to the OS Repository Software Upload page."
"2018-07-03 17:53:28"|::1|/oneemstest/config-template-uservar.php|" User name: debarle User type : Cell sitetechnician Page:  Schedule-backup Settings Description: Cell Site Tech has navigated to the OS Repository Software Upload page."
"2018-07-03 18:26:02"|::1|/oneemstest/config-template-uservar.php|" User name: debarle User type : Cell sitetechnician Page:  Schedule-backup Settings Description: Cell Site Tech has navigated to the OS Repository Software Upload page."
"2018-07-03 18:27:25"|::1|/oneemstest/config-template-uservar.php|" User name: debarle User type : Cell sitetechnician Page:  Schedule-backup Settings Description: Cell Site Tech has navigated to the OS Repository Software Upload page."
"2018-07-03 18:31:01"|::1|/oneemstest/config-template-uservar.php|" User name: debarle User type : Cell sitetechnician Page:  Schedule-backup Settings Description: Cell Site Tech has navigated to the OS Repository Software Upload page."
"2018-07-03 18:33:37"|::1|/oneemstest/config-template-uservar.php|" User name: debarle User type : Cell sitetechnician Page:  Schedule-backup Settings Description: Cell Site Tech has navigated to the OS Repository Software Upload page."
"2018-07-03 18:37:48"|::1|/oneemstest/schedule-backup.php|" User name: debarle User type : Cell sitetechnician Page:  Schedule-backup Settings Description: Cell Site Tech has navigated to the OS Repository Software Upload page."
"2018-07-03 20:51:21"|::1|/oneemstest/cellsitetech-dashboard.php|" User name: debarle User type : Cell sitetechnician Page:  cellsitetech landing page Description: Logged in. "
"2018-07-03 20:51:21"|::1|/oneemstest/cellsitetech-dashboard.php|" User name: debarle User type : Cell sitetechnician Page:  Network Elements page Description: Cell Site Tech has logged into the application."
"2018-07-03 20:51:29"|::1|/oneemstest/generate-pre-script.php|" User name: debarle User type : Cell sitetechnician Page:  Generate script page Description: Cell Site Tech has navigated to the Generate Script page."
"2018-07-03 20:59:01"|::1|/oneemstest/cellsitetech-dashboard.php|" User name: debarle User type : Cell sitetechnician Page:  cellsitetech landing page Description: Logged in. "
"2018-07-03 20:59:01"|::1|/oneemstest/cellsitetech-dashboard.php|" User name: debarle User type : Cell sitetechnician Page:  Network Elements page Description: Cell Site Tech has logged into the application."
"2018-07-03 21:10:48"|::1|/oneemstest/cellsitetech-dashboard.php|" User name: debarle User type : Cell sitetechnician Page:  cellsitetech landing page Description: Logged in. "
"2018-07-03 21:10:48"|::1|/oneemstest/cellsitetech-dashboard.php|" User name: debarle User type : Cell sitetechnician Page:  Network Elements page Description: Cell Site Tech has logged into the application."
"2018-07-03 21:10:52"|::1|/oneemstest/generate-pre-script.php|" User name: debarle User type : Cell sitetechnician Page:  Generate script page Description: Cell Site Tech has navigated to the Generate Script page."
"2018-07-03 21:11:04"|::1|/oneemstest/generate-post-script.php|" User name: debarle User type : Cell sitetechnician Page:  Generate script 2 page Description: Cell Site Tech has chosen their configuration and is ready to edit their script's editable fields."
"2018-07-03 21:11:14"|::1|/oneemstest/scripting.php|" User name: debarle User type : Cell sitetechnician Page:  Load Template config page Description: Cell Site Tech has initiated the Load Template process."
"2018-07-03 21:11:32"|::1|/oneemstest/cellsitetech-configuration.php|" User name: debarle User type : Cell sitetechnician Page:  Load Template file upload page Description: Cell Site Tech has chosen their configuration and is ready to select a file to upload."
"2018-07-03 21:14:24"|::1|/oneemstest/cellsitetech-configuration.php|" User name: debarle User type : Cell sitetechnician Page:  Load Template file upload page Description: Cell Site Tech has chosen their configuration and is ready to select a file to upload."
"2018-07-03 21:14:31"|::1|/oneemstest/generate-pre-script.php|" User name: debarle User type : Cell sitetechnician Page:  Generate script page Description: Cell Site Tech has navigated to the Generate Script page."
"2018-07-03 21:14:57"|::1|/oneemstest/generate-post-script.php|" User name: debarle User type : Cell sitetechnician Page:  Generate script 2 page Description: Cell Site Tech has chosen their configuration and is ready to edit their script's editable fields."
"2018-07-03 21:15:42"|::1|/oneemstest/generate-pre-script.php|" User name: debarle User type : Cell sitetechnician Page:  Generate script page Description: Cell Site Tech has navigated to the Generate Script page."
"2018-07-03 21:15:57"|::1|/oneemstest/generate-post-script.php|" User name: debarle User type : Cell sitetechnician Page:  Generate script 2 page Description: Cell Site Tech has chosen their configuration and is ready to edit their script's editable fields."
"2018-07-03 21:24:32"|::1|/oneemstest/cellsitetech-dashboard.php|" User name: debarle User type : Cell sitetechnician Page:  cellsitetech landing page Description: Logged in. "
"2018-07-03 21:24:32"|::1|/oneemstest/cellsitetech-dashboard.php|" User name: debarle User type : Cell sitetechnician Page:  Network Elements page Description: Cell Site Tech has logged into the application."
