"2018-07-01 14:00:48"|::1|/oneemstest/cellsitetech-dashboard.php|" User name: debarle User type : Cell sitetechnician Page:  cellsitetech landing page Description: Logged in. "
"2018-07-01 14:00:48"|::1|/oneemstest/cellsitetech-dashboard.php|" User name: debarle User type : Cell sitetechnician Page:  Network Elements page Description: Cell Site Tech has logged into the application."
"2018-07-01 14:01:26"|::1|/oneemstest/generate-post-script.php|" User name: debarle User type : Cell sitetechnician Page:  Generate script 2 page Description: Cell Site Tech has chosen their configuration and is ready to edit their script's editable fields."
"2018-07-01 14:01:39"|::1|/oneemstest/generate-post-script.php|" User name: debarle User type : Cell sitetechnician Page:  Generate script 2 page Description: Cell Site Tech has chosen their configuration and is ready to edit their script's editable fields."
"2018-07-01 14:01:59"|::1|/oneemstest/scripting.php|" User name: debarle User type : Cell sitetechnician Page:  Load Template config page Description: Cell Site Tech has initiated the Load Template process."
"2018-07-01 14:02:14"|::1|/oneemstest/cellsitetech-configuration.php|" User name: debarle User type : Cell sitetechnician Page:  Load Template file upload page Description: Cell Site Tech has chosen their configuration and is ready to select a file to upload."
"2018-07-01 14:03:49"|::1|/oneemstest/scripting.php|" User name: debarle User type : Cell sitetechnician Page:  Load Template config page Description: Cell Site Tech has initiated the Load Template process."
"2018-07-01 14:03:54"|::1|/oneemstest/scripting.php|" User name: debarle User type : Cell sitetechnician Page:  Load Template config page Description: Cell Site Tech has initiated the Load Template process."
"2018-07-01 14:04:05"|::1|/oneemstest/cellsitetech-configuration.php|" User name: debarle User type : Cell sitetechnician Page:  Load Template file upload page Description: Cell Site Tech has chosen their configuration and is ready to select a file to upload."
"2018-07-01 14:04:14"|::1|/oneemstest/cellsitetech-configuration.php|" User name: debarle User type : Cell sitetechnician Page:  Load Template file upload page Description: Cell Site Tech has chosen their configuration and is ready to select a file to upload."
"2018-07-01 14:04:31"|::1|/oneemstest/generate-post-script.php|" User name: debarle User type : Cell sitetechnician Page:  Generate script 2 page Description: Cell Site Tech has chosen their configuration and is ready to edit their script's editable fields."
"2018-07-01 14:14:23"|::1|/oneemstest/cellsitetech-dashboard.php|" User name: debarle User type : Cell sitetechnician Page:  cellsitetech landing page Description: Logged in. "
"2018-07-01 14:14:23"|::1|/oneemstest/cellsitetech-dashboard.php|" User name: debarle User type : Cell sitetechnician Page:  Network Elements page Description: Cell Site Tech has logged into the application."
"2018-07-01 14:44:12"|::1|/oneemstest/scripting.php|" User name: debarle User type : Cell sitetechnician Page:  Load Template config page Description: Cell Site Tech has initiated the Load Template process."
"2018-07-01 14:44:25"|::1|/oneemstest/cellsitetech-configuration.php|" User name: debarle User type : Cell sitetechnician Page:  Load Template file upload page Description: Cell Site Tech has chosen their configuration and is ready to select a file to upload."
"2018-07-01 15:08:34"|::1|/oneemstest/scripting.php|" User name: debarle User type : Cell sitetechnician Page:  Load Template config page Description: Cell Site Tech has initiated the Load Template process."
"2018-07-01 15:09:07"|::1|/oneemstest/scripting.php|" User name: debarle User type : Cell sitetechnician Page:  Load Template config page Description: Cell Site Tech has initiated the Load Template process."
"2018-07-01 15:09:14"|::1|/oneemstest/generate-post-script.php|" User name: debarle User type : Cell sitetechnician Page:  Generate script 2 page Description: Cell Site Tech has chosen their configuration and is ready to edit their script's editable fields."
"2018-07-01 16:28:38"|::1|/oneemstest/generate-post-script.php|" User name: debarle User type : Cell sitetechnician Page:  Generate script 2 page Description: Cell Site Tech has chosen their configuration and is ready to edit their script's editable fields."
"2018-07-01 16:52:31"|::1|/oneemstest/generate-post-script.php|" User name: debarle User type : Cell sitetechnician Page:  Generate script 2 page Description: Cell Site Tech has chosen their configuration and is ready to edit their script's editable fields."
"2018-07-01 16:52:38"|::1|/oneemstest/generate-pre-script.php|" User name: debarle User type : Cell sitetechnician Page:  Generate script page Description: Cell Site Tech has navigated to the Generate Script page."
"2018-07-01 16:52:51"|::1|/oneemstest/generate-post-script.php|" User name: debarle User type : Cell sitetechnician Page:  Generate script 2 page Description: Cell Site Tech has chosen their configuration and is ready to edit their script's editable fields."
"2018-07-01 16:58:17"|::1|/oneemstest/scripting.php|" User name: debarle User type : Cell sitetechnician Page:  Load Template config page Description: Cell Site Tech has initiated the Load Template process."
"2018-07-01 17:08:27"|::1|/oneemstest/generate-pre-script.php|" User name: debarle User type : Cell sitetechnician Page:  Generate script page Description: Cell Site Tech has navigated to the Generate Script page."
"2018-07-01 17:08:40"|::1|/oneemstest/generate-post-script.php|" User name: debarle User type : Cell sitetechnician Page:  Generate script 2 page Description: Cell Site Tech has chosen their configuration and is ready to edit their script's editable fields."
"2018-07-01 17:10:03"|::1|/oneemstest/scripting.php|" User name: debarle User type : Cell sitetechnician Page:  Load Template config page Description: Cell Site Tech has initiated the Load Template process."
"2018-07-01 17:10:15"|::1|/oneemstest/cellsitetech-configuration.php|" User name: debarle User type : Cell sitetechnician Page:  Load Template file upload page Description: Cell Site Tech has chosen their configuration and is ready to select a file to upload."
"2018-07-01 17:12:59"|::1|/oneemstest/scripting.php|" User name: debarle User type : Cell sitetechnician Page:  Load Template config page Description: Cell Site Tech has initiated the Load Template process."
"2018-07-01 17:13:10"|::1|/oneemstest/cellsitetech-configuration.php|" User name: debarle User type : Cell sitetechnician Page:  Load Template file upload page Description: Cell Site Tech has chosen their configuration and is ready to select a file to upload."
"2018-07-01 17:22:19"|::1|/oneemstest/cellsitetech-configuration.php|" User name: debarle User type : Cell sitetechnician Page:  Load Template file upload page Description: Cell Site Tech has chosen their configuration and is ready to select a file to upload."
"2018-07-01 17:38:51"|::1|/oneemstest/cellsitetech-configuration.php|" User name: debarle User type : Cell sitetechnician Page:  Load Template file upload page Description: Cell Site Tech has chosen their configuration and is ready to select a file to upload."
"2018-07-01 17:38:56"|::1|/oneemstest/generate-pre-script.php|" User name: debarle User type : Cell sitetechnician Page:  Generate script page Description: Cell Site Tech has navigated to the Generate Script page."
"2018-07-01 17:39:05"|::1|/oneemstest/generate-post-script.php|" User name: debarle User type : Cell sitetechnician Page:  Generate script 2 page Description: Cell Site Tech has chosen their configuration and is ready to edit their script's editable fields."
"2018-07-01 17:43:21"|::1|/oneemstest/scripting.php|" User name: debarle User type : Cell sitetechnician Page:  Load Template config page Description: Cell Site Tech has initiated the Load Template process."
"2018-07-01 17:44:04"|::1|/oneemstest/generate-pre-script.php|" User name: debarle User type : Cell sitetechnician Page:  Generate script page Description: Cell Site Tech has navigated to the Generate Script page."
"2018-07-01 17:44:26"|::1|/oneemstest/generate-post-script.php|" User name: debarle User type : Cell sitetechnician Page:  Generate script 2 page Description: Cell Site Tech has chosen their configuration and is ready to edit their script's editable fields."
"2018-07-01 17:53:12"|::1|/oneemstest/scripting.php|" User name: debarle User type : Cell sitetechnician Page:  Load Template config page Description: Cell Site Tech has initiated the Load Template process."
"2018-07-01 17:55:30"|::1|/oneemstest/cellsitetech-configuration.php|" User name: debarle User type : Cell sitetechnician Page:  Load Template file upload page Description: Cell Site Tech has chosen their configuration and is ready to select a file to upload."
"2018-07-01 17:55:41"|::1|/oneemstest/cellsitetech-configuration.php|" User name: debarle User type : Cell sitetechnician Page:  Load Template file upload page Description: Cell Site Tech has chosen their configuration and is ready to select a file to upload."
"2018-07-01 18:01:46"|::1|/oneemstest/cellsitetech-configuration.php|" User name: debarle User type : Cell sitetechnician Page:  Load Template file upload page Description: Cell Site Tech has chosen their configuration and is ready to select a file to upload."
"2018-07-01 18:02:27"|::1|/oneemstest/cellsitetech-configuration.php|" User name: debarle User type : Cell sitetechnician Page:  Load Template file upload page Description: Cell Site Tech has chosen their configuration and is ready to select a file to upload."
"2018-07-01 18:02:56"|::1|/oneemstest/generate-pre-script.php|" User name: debarle User type : Cell sitetechnician Page:  Generate script page Description: Cell Site Tech has navigated to the Generate Script page."
"2018-07-01 18:03:08"|::1|/oneemstest/generate-post-script.php|" User name: debarle User type : Cell sitetechnician Page:  Generate script 2 page Description: Cell Site Tech has chosen their configuration and is ready to edit their script's editable fields."
"2018-07-01 18:03:42"|::1|/oneemstest/scripting.php|" User name: debarle User type : Cell sitetechnician Page:  Load Template config page Description: Cell Site Tech has initiated the Load Template process."
"2018-07-01 18:03:53"|::1|/oneemstest/cellsitetech-configuration.php|" User name: debarle User type : Cell sitetechnician Page:  Load Template file upload page Description: Cell Site Tech has chosen their configuration and is ready to select a file to upload."
"2018-07-01 18:04:07"|::1|/oneemstest/cellsitetech-configuration.php|" User name: debarle User type : Cell sitetechnician Page:  Load Template file upload page Description: Cell Site Tech has chosen their configuration and is ready to select a file to upload."
"2018-07-01 18:04:56"|::1|/oneemstest/cellsitetech-configuration.php|" User name: debarle User type : Cell sitetechnician Page:  Load Template file upload page Description: Cell Site Tech has chosen their configuration and is ready to select a file to upload."
"2018-07-01 18:05:11"|::1|/oneemstest/cellsitetech-configuration.php|" User name: debarle User type : Cell sitetechnician Page:  Load Template file upload page Description: Cell Site Tech has chosen their configuration and is ready to select a file to upload."
"2018-07-01 18:07:35"|::1|/oneemstest/cellsitetech-configuration.php|" User name: debarle User type : Cell sitetechnician Page:  Load Template file upload page Description: Cell Site Tech has chosen their configuration and is ready to select a file to upload."
"2018-07-01 18:07:51"|::1|/oneemstest/generate-pre-script.php|" User name: debarle User type : Cell sitetechnician Page:  Generate script page Description: Cell Site Tech has navigated to the Generate Script page."
"2018-07-01 18:08:01"|::1|/oneemstest/generate-post-script.php|" User name: debarle User type : Cell sitetechnician Page:  Generate script 2 page Description: Cell Site Tech has chosen their configuration and is ready to edit their script's editable fields."
