"2018-07-11 20:30:51"|::1|/oneemstest/cellsitetech-dashboard.php|" User name: debarle User type : Cell sitetechnician Page:  cellsitetech landing page Description: Logged in. "
"2018-07-11 20:30:51"|::1|/oneemstest/cellsitetech-dashboard.php|" User name: debarle User type : Cell sitetechnician Page:  Network Elements page Description: Cell Site Tech has logged into the application."
"2018-07-11 20:31:37"|::1|/oneemstest/cellsitetech-restorebackup.php|" User name: debarle User type : Cell sitetechnician Page:  Backup page Description: Cell Site Tech has navigated to the Backup page."
"2018-07-11 20:31:45"|::1|/oneemstest/scripting.php|" User name: debarle User type : Cell sitetechnician Page:  Load Template config page Description: Cell Site Tech has initiated the Load Template process."
"2018-07-11 20:31:55"|::1|/oneemstest/sw-delivery-devices.php|" User name: debarle User type : Cell sitetechnician Page:  Software Delivery page Description: Cell Site Tech has navigated to the Software Delivery page."
"2018-07-11 20:32:07"|::1|/oneemstest/schedule-backup.php|" User name: debarle User type : Cell sitetechnician Page:  Schedule-backup Settings Description: Cell Site Tech has navigated to the OS Repository Software Upload page."
"2018-07-11 20:32:13"|::1|/oneemstest/sw-bootorder-sequence-new.php|" User name: debarle User type : Cell sitetechnician Page:  Change-bootorder-sequence Settings Description: Cell Site Tech has navigated to the OS Repository Software Upload page."
"2018-07-11 20:32:17"|::1|/oneemstest/help.php|" User name: debarle User type : Cell sitetechnician Page:  Main help page Description: User has navigated the first Help page."
"2018-07-11 20:32:26"|::1|/oneemstest/help_network_elements.php|" User name: debarle User type : Cell sitetechnician Page:  Network Elements Help page Description: User has navigated to the Network Elements help page."
"2018-07-11 20:32:34"|::1|/oneemstest/help_backup.php|" User name: debarle User type : Cell sitetechnician Page:  Backup Help page Description: User has navigated to the Backup help page."
"2018-07-11 20:32:39"|::1|/oneemstest/help_discovery_ips.php|" User name: debarle User type : Cell sitetechnician Page:  Discovery IPs Help page Description: User has navigated to the Discovery IPs help page."
"2018-07-11 20:32:45"|::1|/oneemstest/help_discovery_results.php|" User name: debarle User type : Cell sitetechnician Page:  Discovery Results Help page Description: User has navigated to the Discovery Results help page."
"2018-07-11 20:32:50"|::1|/oneemstest/help_maintenance.php|" User name: debarle User type : Cell sitetechnician Page:  Software Maintenance help page Description: User has navigated to the Software Maintenance help page."
"2018-07-11 20:32:59"|::1|/oneemstest/help_discovery_results.php|" User name: debarle User type : Cell sitetechnician Page:  Discovery Results Help page Description: User has navigated to the Discovery Results help page."
"2018-07-11 20:34:26"|::1|/oneemstest/help_maintenance.php|" User name: debarle User type : Cell sitetechnician Page:  Software Maintenance help page Description: User has navigated to the Software Maintenance help page."
"2018-07-11 20:34:49"|::1|/oneemstest/help.php|" User name: debarle User type : Cell sitetechnician Page:  Main help page Description: User has navigated the first Help page."
"2018-07-11 20:35:03"|::1|/oneemstest/sw-bootorder-sequence-new.php|" User name: debarle User type : Cell sitetechnician Page:  Change-bootorder-sequence Settings Description: Cell Site Tech has navigated to the OS Repository Software Upload page."
"2018-07-11 20:35:09"|::1|/oneemstest/cellsitetech-discovery.php|" User name: debarle User type : Cell sitetechnician Page:  Discovery Results page Description: Cell Site Tech has navigated to the Discovery Results page."
"2018-07-11 20:35:19"|::1|/oneemstest/cellsitetech-dashboard.php|" User name: debarle User type : Cell sitetechnician Page:  cellsitetech landing page Description: Logged in. "
"2018-07-11 20:35:19"|::1|/oneemstest/cellsitetech-dashboard.php|" User name: debarle User type : Cell sitetechnician Page:  Network Elements page Description: Cell Site Tech has logged into the application."
"2018-07-11 20:35:23"|::1|/oneemstest/cellsitetech-dashboard.php?action=editmylist&switchlistid=249|" User name: debarle User type : Cell sitetechnician Page:  cellsitetech landing page Description: Logged in. "
"2018-07-11 20:35:23"|::1|/oneemstest/cellsitetech-dashboard.php?action=editmylist&switchlistid=249|" User name: debarle User type : Cell sitetechnician Page:  Network Elements page Description: Cell Site Tech has logged into the application."
"2018-07-11 20:35:36"|::1|/oneemstest/cellsitetech-dashboard.php|" User name: debarle User type : Cell sitetechnician Page:  cellsitetech landing page Description: Logged in. "
"2018-07-11 20:35:36"|::1|/oneemstest/cellsitetech-dashboard.php|" User name: debarle User type : Cell sitetechnician Page:  Network Elements page Description: Cell Site Tech has logged into the application."
"2018-07-11 20:35:37"|::1|/oneemstest/cellsitetech-dashboard.php|" User name: debarle User type : Cell sitetechnician Page:  cellsitetech landing page Description: Logged in. "
"2018-07-11 20:35:37"|::1|/oneemstest/cellsitetech-dashboard.php|" User name: debarle User type : Cell sitetechnician Page:  Network Elements page Description: Cell Site Tech has logged into the application."
"2018-07-11 20:35:40"|::1|/oneemstest/cellsitetech-dashboard.php?action=editmylist&switchlistid=312|" User name: debarle User type : Cell sitetechnician Page:  cellsitetech landing page Description: Logged in. "
"2018-07-11 20:35:40"|::1|/oneemstest/cellsitetech-dashboard.php?action=editmylist&switchlistid=312|" User name: debarle User type : Cell sitetechnician Page:  Network Elements page Description: Cell Site Tech has logged into the application."
"2018-07-11 21:12:50"|::1|/oneemstest/scripting.php|" User name: debarle User type : Cell sitetechnician Page:  Load Template config page Description: Cell Site Tech has initiated the Load Template process."
"2018-07-11 21:13:01"|::1|/oneemstest/cellsitetech-configuration.php|" User name: debarle User type : Cell sitetechnician Page:  Load Template file upload page Description: Cell Site Tech has chosen their configuration and is ready to select a file to upload."
"2018-07-11 21:13:19"|::1|/oneemstest/cellsitetech-configuration.php|" User name: debarle User type : Cell sitetechnician Page:  Load Template file upload page Description: Cell Site Tech has chosen their configuration and is ready to select a file to upload."
"2018-07-11 21:14:48"|::1|/oneemstest/cellsitetech-configuration.php|" User name: debarle User type : Cell sitetechnician Page:  Load Template file upload page Description: Cell Site Tech has chosen their configuration and is ready to select a file to upload."
"2018-07-11 21:15:00"|::1|/oneemstest/generate-pre-script.php|" User name: debarle User type : Cell sitetechnician Page:  Generate script page Description: Cell Site Tech has navigated to the Generate Script page."
"2018-07-11 21:16:04"|::1|/oneemstest/generate-post-script.php|" User name: debarle User type : Cell sitetechnician Page:  Generate script 2 page Description: Cell Site Tech has chosen their configuration and is ready to edit their script's editable fields."
