"2018-06-07 13:51:04"|::1|/oneemstest/cellsite-config-process.php|" User name: debarle User type : Cell sitetechnician Page:  Generate Script page Description: User has executed the script."
"2018-06-07 16:03:29"|::1|/oneemstest/cellsitetech-dashboard.php|" User name: debarle User type : Cell sitetechnician Page:  cellsitetech landing page Description: Logged in. "
"2018-06-07 17:10:00"|::1|/oneemstest/cellsitetech-dashboard.php|" User name: debarle User type : Cell sitetechnician Page:  cellsitetech landing page Description: Logged in. "
"2018-06-08 05:28:44"|::1|/oneemstest/cellsitetech-dashboard.php|" User name: debarle User type : Cell sitetechnician Page:  cellsitetech landing page Description: Logged in. "
"2018-06-08 05:28:44"|::1|/oneemstest/cellsitetech-dashboard.php|" User name: debarle User type : Cell sitetechnician Page:  Network Elements page Description: Cell Site Tech has logged into the application."
"2018-06-08 05:29:55"|::1|/oneemstest/sw-delivery-devices.php|" User name: debarle User type : Cell sitetechnician Page:  Software Delivery page Description: Cell Site Tech has navigated to the Software Delivery page."
"2018-06-08 05:34:16"|::1|/oneemstest/software-upload-master.php|" User name: debarle User type : Cell sitetechnician Page:  Software Master page Description: Cell Site Tech has navigated to the Software Upload Master page."
"2018-06-08 05:38:08"|::1|/oneemstest/software-upload-master.php|" User name: debarle User type : Cell sitetechnician Page:  Software Master page Description: Cell Site Tech has navigated to the Software Upload Master page."
"2018-06-08 05:43:26"|::1|/oneemstest/software-upload-master.php|" User name: debarle User type : Cell sitetechnician Page:  Software Master page Description: Cell Site Tech has navigated to the Software Upload Master page."
"2018-06-08 16:26:42"|::1|/oneemstest/cellsitetech-dashboard.php|" User name: debarle User type : Cell sitetechnician Page:  cellsitetech landing page Description: Logged in. "
"2018-06-08 16:26:42"|::1|/oneemstest/cellsitetech-dashboard.php|" User name: debarle User type : Cell sitetechnician Page:  Network Elements page Description: Cell Site Tech has logged into the application."
"2018-06-08 16:26:51"|::1|/oneemstest/sw-delivery-devices.php|" User name: debarle User type : Cell sitetechnician Page:  Software Delivery page Description: Cell Site Tech has navigated to the Software Delivery page."
"2018-06-08 16:41:09"|::1|/oneemstest/sw-delivery-devices.php|" User name: debarle User type : Cell sitetechnician Page:  Software Delivery page Description: Cell Site Tech has navigated to the Software Delivery page."
"2018-06-08 16:51:51"|::1|/oneemstest/sw-delivery-devices.php|" User name: debarle User type : Cell sitetechnician Page:  Software Delivery page Description: Cell Site Tech has navigated to the Software Delivery page."
"2018-06-08 16:52:53"|::1|/oneemstest/cellsitetech-dashboard.php|" User name: debarle User type : Cell sitetechnician Page:  cellsitetech landing page Description: Logged in. "
"2018-06-08 16:52:53"|::1|/oneemstest/cellsitetech-dashboard.php|" User name: debarle User type : Cell sitetechnician Page:  Network Elements page Description: Cell Site Tech has logged into the application."
"2018-06-08 17:11:12"|::1|/oneemstest/cellsitetech-dashboard.php|" User name: debarle User type : Cell sitetechnician Page:  cellsitetech landing page Description: Logged in. "
"2018-06-08 17:11:12"|::1|/oneemstest/cellsitetech-dashboard.php|" User name: debarle User type : Cell sitetechnician Page:  Network Elements page Description: Cell Site Tech has logged into the application."
"2018-06-08 17:11:20"|::1|/oneemstest/sw-delivery-devices.php|" User name: debarle User type : Cell sitetechnician Page:  Software Delivery page Description: Cell Site Tech has navigated to the Software Delivery page."
"2018-06-08 17:12:39"|::1|/oneemstest/os-repository.php|" User name: debarle User type : Cell sitetechnician Page:  OS Repository page Description: Cell Site Tech has navigated to the OS Repository Software Upload page."
"2018-06-08 17:13:44"|::1|/oneemstest/os-repository.php|" User name: debarle User type : Cell sitetechnician Page:  OS Repository page Description: Cell Site Tech has navigated to the OS Repository Software Upload page."
"2018-06-08 17:14:15"|::1|/oneemstest/os-repository.php|" User name: debarle User type : Cell sitetechnician Page:  OS Repository page Description: Cell Site Tech has navigated to the OS Repository Software Upload page."
"2018-06-08 17:16:44"|::1|/oneemstest/os-repository.php|" User name: debarle User type : Cell sitetechnician Page:  OS Repository page Description: Cell Site Tech has navigated to the OS Repository Software Upload page."
"2018-06-08 17:17:26"|::1|/oneemstest/os-repository.php|" User name: debarle User type : Cell sitetechnician Page:  OS Repository page Description: Cell Site Tech has navigated to the OS Repository Software Upload page."
"2018-06-08 17:17:52"|::1|/oneemstest/os-repository.php|" User name: debarle User type : Cell sitetechnician Page:  OS Repository page Description: Cell Site Tech has navigated to the OS Repository Software Upload page."
"2018-06-08 17:18:19"|::1|/oneemstest/os-repository.php|" User name: debarle User type : Cell sitetechnician Page:  OS Repository page Description: Cell Site Tech has navigated to the OS Repository Software Upload page."
"2018-06-08 17:21:33"|::1|/oneemstest/os-repository.php|" User name: debarle User type : Cell sitetechnician Page:  OS Repository page Description: Cell Site Tech has navigated to the OS Repository Software Upload page."
"2018-06-08 17:21:48"|::1|/oneemstest/os-repository.php|" User name: debarle User type : Cell sitetechnician Page:  OS Repository page Description: Cell Site Tech has navigated to the OS Repository Software Upload page."
"2018-06-08 17:21:55"|::1|/oneemstest/os-repository.php|" User name: debarle User type : Cell sitetechnician Page:  OS Repository page Description: Cell Site Tech has navigated to the OS Repository Software Upload page."
"2018-06-08 17:21:59"|::1|/oneemstest/os-repository.php|" User name: debarle User type : Cell sitetechnician Page:  OS Repository page Description: Cell Site Tech has navigated to the OS Repository Software Upload page."
"2018-06-08 17:22:03"|::1|/oneemstest/os-repository.php|" User name: debarle User type : Cell sitetechnician Page:  OS Repository page Description: Cell Site Tech has navigated to the OS Repository Software Upload page."
"2018-06-08 17:22:31"|::1|/oneemstest/os-repository.php|" User name: debarle User type : Cell sitetechnician Page:  OS Repository page Description: Cell Site Tech has navigated to the OS Repository Software Upload page."
"2018-06-08 17:22:59"|::1|/oneemstest/os-repository.php|" User name: debarle User type : Cell sitetechnician Page:  OS Repository page Description: Cell Site Tech has navigated to the OS Repository Software Upload page."
"2018-06-08 17:23:24"|::1|/oneemstest/os-repository.php|" User name: debarle User type : Cell sitetechnician Page:  OS Repository page Description: Cell Site Tech has navigated to the OS Repository Software Upload page."
"2018-06-08 17:25:47"|::1|/oneemstest/os-repository.php|" User name: debarle User type : Cell sitetechnician Page:  OS Repository page Description: Cell Site Tech has navigated to the OS Repository Software Upload page."
"2018-06-08 17:32:01"|::1|/oneemstest/os-repository.php|" User name: debarle User type : Cell sitetechnician Page:  OS Repository page Description: Cell Site Tech has navigated to the OS Repository Software Upload page."
"2018-06-08 17:33:03"|::1|/oneemstest/os-repository.php|" User name: debarle User type : Cell sitetechnician Page:  OS Repository page Description: Cell Site Tech has navigated to the OS Repository Software Upload page."
