"2018-06-28 14:00:30"|::1|/oneemstest/cellsitetech-dashboard.php|" User name: debarle User type : Cell sitetechnician Page:  cellsitetech landing page Description: Logged in. "
"2018-06-28 14:00:30"|::1|/oneemstest/cellsitetech-dashboard.php|" User name: debarle User type : Cell sitetechnician Page:  Network Elements page Description: Cell Site Tech has logged into the application."
"2018-06-28 14:01:23"|::1|/oneemstest/scripting.php|" User name: debarle User type : Cell sitetechnician Page:  Load Template config page Description: Cell Site Tech has initiated the Load Template process."
"2018-06-28 14:01:40"|::1|/oneemstest/cellsitetech-configuration.php|" User name: debarle User type : Cell sitetechnician Page:  Load Template file upload page Description: Cell Site Tech has chosen their configuration and is ready to select a file to upload."
"2018-06-28 14:07:10"|::1|/oneemstest/cellsitetech-configuration.php|" User name: debarle User type : Cell sitetechnician Page:  Load Template file upload page Description: Cell Site Tech has chosen their configuration and is ready to select a file to upload."
"2018-06-28 14:09:14"|::1|/oneemstest/cellsitetech-configuration.php|" User name: debarle User type : Cell sitetechnician Page:  Load Template file upload page Description: Cell Site Tech has chosen their configuration and is ready to select a file to upload."
"2018-06-28 14:10:02"|::1|/oneemstest/cellsitetech-configuration.php|" User name: debarle User type : Cell sitetechnician Page:  Load Template file upload page Description: Cell Site Tech has chosen their configuration and is ready to select a file to upload."
"2018-06-28 14:11:00"|::1|/oneemstest/cellsitetech-configuration.php|" User name: debarle User type : Cell sitetechnician Page:  Load Template file upload page Description: Cell Site Tech has chosen their configuration and is ready to select a file to upload."
"2018-06-28 14:11:34"|::1|/oneemstest/cellsitetech-configuration.php|" User name: debarle User type : Cell sitetechnician Page:  Load Template file upload page Description: Cell Site Tech has chosen their configuration and is ready to select a file to upload."
"2018-06-28 14:14:24"|::1|/oneemstest/cellsitetech-configuration.php|" User name: debarle User type : Cell sitetechnician Page:  Load Template file upload page Description: Cell Site Tech has chosen their configuration and is ready to select a file to upload."
"2018-06-28 14:14:30"|::1|/oneemstest/generate-pre-script.php|" User name: debarle User type : Cell sitetechnician Page:  Generate script page Description: Cell Site Tech has navigated to the Generate Script page."
"2018-06-28 14:14:50"|::1|/oneemstest/generate-post-script.php|" User name: debarle User type : Cell sitetechnician Page:  Generate script 2 page Description: Cell Site Tech has chosen their configuration and is ready to edit their script's editable fields."
"2018-06-28 14:15:11"|::1|/oneemstest/generate-pre-script.php|" User name: debarle User type : Cell sitetechnician Page:  Generate script page Description: Cell Site Tech has navigated to the Generate Script page."
"2018-06-28 14:15:24"|::1|/oneemstest/generate-post-script.php|" User name: debarle User type : Cell sitetechnician Page:  Generate script 2 page Description: Cell Site Tech has chosen their configuration and is ready to edit their script's editable fields."
"2018-06-28 14:16:30"|::1|/oneemstest/cellsite-config-process.php|" User name: debarle User type : Cell sitetechnician Page:  Generate Script page Description: User has executed the script."
"2018-06-28 19:05:05"|::1|/oneemstest/cellsitetech-dashboard.php|" User name: debarle User type : Cell sitetechnician Page:  cellsitetech landing page Description: Logged in. "
"2018-06-28 19:05:05"|::1|/oneemstest/cellsitetech-dashboard.php|" User name: debarle User type : Cell sitetechnician Page:  Network Elements page Description: Cell Site Tech has logged into the application."
"2018-06-28 19:05:14"|::1|/oneemstest/help.php|" User name: debarle User type : Cell sitetechnician Page:  Main help page Description: User has navigated the first Help page."
"2018-06-28 19:06:48"|::1|/oneemstest/help_faqs.php|" User name: debarle User type : Cell sitetechnician Page:  FAQs Help page Description: User has navigated to the FAQs help page."
"2018-06-28 19:07:15"|::1|/oneemstest/help.php|" User name: debarle User type : Cell sitetechnician Page:  Main help page Description: User has navigated the first Help page."
"2018-06-28 19:18:03"|::1|/oneemstest/cellsitetech-dashboard.php|" User name: debarle User type : Cell sitetechnician Page:  cellsitetech landing page Description: Logged in. "
"2018-06-28 19:18:03"|::1|/oneemstest/cellsitetech-dashboard.php|" User name: debarle User type : Cell sitetechnician Page:  Network Elements page Description: Cell Site Tech has logged into the application."
"2018-06-28 19:18:08"|::1|/oneemstest/cellsitetech-user-devicelist.php?userid=159&listid=0|" User name: debarle User type : Cell sitetechnician Page:  Health Check (cell site technician) page Description: Cell Site Tech has executed Health Check."
"2018-06-28 19:28:06"|::1|/oneemstest/cellsitetech-user-devicelist.php?userid=159&listid=0|" User name: debarle User type : Cell sitetechnician Page:  Health Check (cell site technician) page Description: Cell Site Tech has executed Health Check."
"2018-06-28 19:48:09"|::1|/oneemstest/cellsitetech-dashboard.php|" User name: debarle User type : Cell sitetechnician Page:  cellsitetech landing page Description: Logged in. "
"2018-06-28 19:48:09"|::1|/oneemstest/cellsitetech-dashboard.php|" User name: debarle User type : Cell sitetechnician Page:  Network Elements page Description: Cell Site Tech has logged into the application."
"2018-06-28 19:57:24"|::1|/oneemstest/cellsitetech-dashboard.php|" User name: debarle User type : Cell sitetechnician Page:  cellsitetech landing page Description: Logged in. "
"2018-06-28 19:57:24"|::1|/oneemstest/cellsitetech-dashboard.php|" User name: debarle User type : Cell sitetechnician Page:  Network Elements page Description: Cell Site Tech has logged into the application."
"2018-06-28 19:57:34"|::1|/oneemstest/cellsitetech-dashboard.php|" User name: debarle User type : Cell sitetechnician Page:  cellsitetech landing page Description: Logged in. "
"2018-06-28 19:57:34"|::1|/oneemstest/cellsitetech-dashboard.php|" User name: debarle User type : Cell sitetechnician Page:  Network Elements page Description: Cell Site Tech has logged into the application."
"2018-06-28 19:58:06"|::1|/oneemstest/cellsitetech-dashboard.php|" User name: debarle User type : Cell sitetechnician Page:  cellsitetech landing page Description: Logged in. "
"2018-06-28 19:58:06"|::1|/oneemstest/cellsitetech-dashboard.php|" User name: debarle User type : Cell sitetechnician Page:  Network Elements page Description: Cell Site Tech has logged into the application."
"2018-06-28 19:58:39"|::1|/oneemstest/scripting.php|" User name: debarle User type : Cell sitetechnician Page:  Load Template config page Description: Cell Site Tech has initiated the Load Template process."
"2018-06-28 19:58:54"|::1|/oneemstest/cellsitetech-configuration.php|" User name: debarle User type : Cell sitetechnician Page:  Load Template file upload page Description: Cell Site Tech has chosen their configuration and is ready to select a file to upload."
