"2018-07-02 16:04:48"|::1|/oneemstest/cellsitetech-dashboard.php|" User name: debarle User type : Cell sitetechnician Page:  cellsitetech landing page Description: Logged in. "
"2018-07-02 16:04:48"|::1|/oneemstest/cellsitetech-dashboard.php|" User name: debarle User type : Cell sitetechnician Page:  Network Elements page Description: Cell Site Tech has logged into the application."
"2018-07-02 16:04:52"|::1|/oneemstest/generate-pre-script.php|" User name: debarle User type : Cell sitetechnician Page:  Generate script page Description: Cell Site Tech has navigated to the Generate Script page."
"2018-07-02 16:05:08"|::1|/oneemstest/generate-post-script.php|" User name: debarle User type : Cell sitetechnician Page:  Generate script 2 page Description: Cell Site Tech has chosen their configuration and is ready to edit their script's editable fields."
"2018-07-02 16:05:16"|::1|/oneemstest/cellsite-config-process.php|" User name: debarle User type : Cell sitetechnician Page:  Generate Script page Description: User has executed the script."
"2018-07-02 16:05:29"|::1|/oneemstest/generate-pre-script.php|" User name: debarle User type : Cell sitetechnician Page:  Generate script page Description: Cell Site Tech has navigated to the Generate Script page."
"2018-07-02 16:05:41"|::1|/oneemstest/generate-post-script.php|" User name: debarle User type : Cell sitetechnician Page:  Generate script 2 page Description: Cell Site Tech has chosen their configuration and is ready to edit their script's editable fields."
"2018-07-02 16:06:35"|::1|/oneemstest/scripting.php|" User name: debarle User type : Cell sitetechnician Page:  Load Template config page Description: Cell Site Tech has initiated the Load Template process."
"2018-07-02 16:06:53"|::1|/oneemstest/cellsitetech-configuration.php|" User name: debarle User type : Cell sitetechnician Page:  Load Template file upload page Description: Cell Site Tech has chosen their configuration and is ready to select a file to upload."
"2018-07-02 16:07:10"|::1|/oneemstest/cellsitetech-configuration.php|" User name: debarle User type : Cell sitetechnician Page:  Load Template file upload page Description: Cell Site Tech has chosen their configuration and is ready to select a file to upload."
"2018-07-02 16:08:05"|::1|/oneemstest/cellsitetech-configuration.php|" User name: debarle User type : Cell sitetechnician Page:  Load Template file upload page Description: Cell Site Tech has chosen their configuration and is ready to select a file to upload."
"2018-07-02 16:08:31"|::1|/oneemstest/generate-pre-script.php|" User name: debarle User type : Cell sitetechnician Page:  Generate script page Description: Cell Site Tech has navigated to the Generate Script page."
"2018-07-02 16:08:44"|::1|/oneemstest/generate-post-script.php|" User name: debarle User type : Cell sitetechnician Page:  Generate script 2 page Description: Cell Site Tech has chosen their configuration and is ready to edit their script's editable fields."
"2018-07-02 16:13:10"|::1|/oneemstest/scripting.php|" User name: debarle User type : Cell sitetechnician Page:  Load Template config page Description: Cell Site Tech has initiated the Load Template process."
"2018-07-02 16:13:23"|::1|/oneemstest/cellsitetech-configuration.php|" User name: debarle User type : Cell sitetechnician Page:  Load Template file upload page Description: Cell Site Tech has chosen their configuration and is ready to select a file to upload."
"2018-07-02 16:29:52"|::1|/oneemstest/scripting.php|" User name: debarle User type : Cell sitetechnician Page:  Load Template config page Description: Cell Site Tech has initiated the Load Template process."
"2018-07-02 16:30:02"|::1|/oneemstest/cellsitetech-configuration.php|" User name: debarle User type : Cell sitetechnician Page:  Load Template file upload page Description: Cell Site Tech has chosen their configuration and is ready to select a file to upload."
"2018-07-02 16:30:26"|::1|/oneemstest/scripting.php|" User name: debarle User type : Cell sitetechnician Page:  Load Template config page Description: Cell Site Tech has initiated the Load Template process."
"2018-07-02 16:30:30"|::1|/oneemstest/scripting.php|" User name: debarle User type : Cell sitetechnician Page:  Load Template config page Description: Cell Site Tech has initiated the Load Template process."
"2018-07-02 16:30:43"|::1|/oneemstest/cellsitetech-configuration.php|" User name: debarle User type : Cell sitetechnician Page:  Load Template file upload page Description: Cell Site Tech has chosen their configuration and is ready to select a file to upload."
"2018-07-02 16:30:51"|::1|/oneemstest/cellsitetech-configuration.php|" User name: debarle User type : Cell sitetechnician Page:  Load Template file upload page Description: Cell Site Tech has chosen their configuration and is ready to select a file to upload."
"2018-07-02 16:30:58"|::1|/oneemstest/cellsitetech-configuration.php|" User name: debarle User type : Cell sitetechnician Page:  Load Template file upload page Description: Cell Site Tech has chosen their configuration and is ready to select a file to upload."
"2018-07-02 16:31:15"|::1|/oneemstest/cellsitetech-configuration.php|" User name: debarle User type : Cell sitetechnician Page:  Load Template file upload page Description: Cell Site Tech has chosen their configuration and is ready to select a file to upload."
"2018-07-02 16:37:53"|::1|/oneemstest/generate-pre-script.php|" User name: debarle User type : Cell sitetechnician Page:  Generate script page Description: Cell Site Tech has navigated to the Generate Script page."
"2018-07-02 16:38:02"|::1|/oneemstest/generate-post-script.php|" User name: debarle User type : Cell sitetechnician Page:  Generate script 2 page Description: Cell Site Tech has chosen their configuration and is ready to edit their script's editable fields."
"2018-07-02 16:38:30"|::1|/oneemstest/generate-pre-script.php|" User name: debarle User type : Cell sitetechnician Page:  Generate script page Description: Cell Site Tech has navigated to the Generate Script page."
"2018-07-02 16:38:55"|::1|/oneemstest/generate-post-script.php|" User name: debarle User type : Cell sitetechnician Page:  Generate script 2 page Description: Cell Site Tech has chosen their configuration and is ready to edit their script's editable fields."
"2018-07-02 16:39:29"|::1|/oneemstest/cellsitetech-configuration.php|" User name: debarle User type : Cell sitetechnician Page:  Load Template file upload page Description: Cell Site Tech has chosen their configuration and is ready to select a file to upload."
"2018-07-02 16:39:38"|::1|/oneemstest/scripting.php|" User name: debarle User type : Cell sitetechnician Page:  Load Template config page Description: Cell Site Tech has initiated the Load Template process."
"2018-07-02 16:39:51"|::1|/oneemstest/cellsitetech-configuration.php|" User name: debarle User type : Cell sitetechnician Page:  Load Template file upload page Description: Cell Site Tech has chosen their configuration and is ready to select a file to upload."
"2018-07-02 16:42:58"|::1|/oneemstest/cellsitetech-configuration.php|" User name: debarle User type : Cell sitetechnician Page:  Load Template file upload page Description: Cell Site Tech has chosen their configuration and is ready to select a file to upload."
"2018-07-02 16:44:26"|::1|/oneemstest/cellsitetech-configuration.php|" User name: debarle User type : Cell sitetechnician Page:  Load Template file upload page Description: Cell Site Tech has chosen their configuration and is ready to select a file to upload."
"2018-07-02 16:44:36"|::1|/oneemstest/generate-pre-script.php|" User name: debarle User type : Cell sitetechnician Page:  Generate script page Description: Cell Site Tech has navigated to the Generate Script page."
"2018-07-02 16:44:46"|::1|/oneemstest/generate-post-script.php|" User name: debarle User type : Cell sitetechnician Page:  Generate script 2 page Description: Cell Site Tech has chosen their configuration and is ready to edit their script's editable fields."
"2018-07-02 16:47:08"|::1|/oneemstest/generate-pre-script.php|" User name: debarle User type : Cell sitetechnician Page:  Generate script page Description: Cell Site Tech has navigated to the Generate Script page."
"2018-07-02 16:47:22"|::1|/oneemstest/scripting.php|" User name: debarle User type : Cell sitetechnician Page:  Load Template config page Description: Cell Site Tech has initiated the Load Template process."
"2018-07-02 16:47:33"|::1|/oneemstest/cellsitetech-configuration.php|" User name: debarle User type : Cell sitetechnician Page:  Load Template file upload page Description: Cell Site Tech has chosen their configuration and is ready to select a file to upload."
"2018-07-02 16:47:46"|::1|/oneemstest/cellsitetech-configuration.php|" User name: debarle User type : Cell sitetechnician Page:  Load Template file upload page Description: Cell Site Tech has chosen their configuration and is ready to select a file to upload."
"2018-07-02 16:53:05"|::1|/oneemstest/generate-post-script.php|" User name: debarle User type : Cell sitetechnician Page:  Generate script 2 page Description: Cell Site Tech has chosen their configuration and is ready to edit their script's editable fields."
"2018-07-02 18:00:22"|::1|/oneemstest/cellsitetech-restorebackup.php|" User name: debarle User type : Cell sitetechnician Page:  Backup page Description: Cell Site Tech has navigated to the Backup page."
"2018-07-02 18:14:56"|::1|/oneemstest/cellsitetech-dashboard.php|" User name: debarle User type : Cell sitetechnician Page:  cellsitetech landing page Description: Logged in. "
"2018-07-02 18:14:56"|::1|/oneemstest/cellsitetech-dashboard.php|" User name: debarle User type : Cell sitetechnician Page:  Network Elements page Description: Cell Site Tech has logged into the application."
"2018-07-02 18:15:52"|::1|/oneemstest/cellsitetech-dashboard.php|" User name: debarle User type : Cell sitetechnician Page:  cellsitetech landing page Description: Logged in. "
"2018-07-02 18:15:52"|::1|/oneemstest/cellsitetech-dashboard.php|" User name: debarle User type : Cell sitetechnician Page:  Network Elements page Description: Cell Site Tech has logged into the application."
"2018-07-02 18:15:55"|::1|/oneemstest/cellsitetech-dashboard.php|" User name: debarle User type : Cell sitetechnician Page:  cellsitetech landing page Description: Logged in. "
"2018-07-02 18:15:55"|::1|/oneemstest/cellsitetech-dashboard.php|" User name: debarle User type : Cell sitetechnician Page:  Network Elements page Description: Cell Site Tech has logged into the application."
"2018-07-02 18:17:25"|::1|/oneemstest/cellsitetech-dashboard.php?action=editmylist&switchlistid=0|" User name: debarle User type : Cell sitetechnician Page:  cellsitetech landing page Description: Logged in. "
"2018-07-02 18:17:25"|::1|/oneemstest/cellsitetech-dashboard.php?action=editmylist&switchlistid=0|" User name: debarle User type : Cell sitetechnician Page:  Network Elements page Description: Cell Site Tech has logged into the application."
"2018-07-02 18:17:50"|::1|/oneemstest/cellsitetech-user-devicelist.php?userid=159&listid=183|" User name: debarle User type : Cell sitetechnician Page:  Health Check (cell site technician) page Description: Cell Site Tech has executed Health Check."
"2018-07-02 18:18:14"|::1|/oneemstest/cellsitetech-restorebackup.php|" User name: debarle User type : Cell sitetechnician Page:  Backup page Description: Cell Site Tech has navigated to the Backup page."
"2018-07-02 18:18:29"|::1|/oneemstest/scripting.php|" User name: debarle User type : Cell sitetechnician Page:  Load Template config page Description: Cell Site Tech has initiated the Load Template process."
"2018-07-02 18:19:02"|::1|/oneemstest/cellsitetech-configuration.php|" User name: debarle User type : Cell sitetechnician Page:  Load Template file upload page Description: Cell Site Tech has chosen their configuration and is ready to select a file to upload."
"2018-07-02 18:19:14"|::1|/oneemstest/cellsitetech-dashboard.php|" User name: debarle User type : Cell sitetechnician Page:  cellsitetech landing page Description: Logged in. "
"2018-07-02 18:19:14"|::1|/oneemstest/cellsitetech-dashboard.php|" User name: debarle User type : Cell sitetechnician Page:  Network Elements page Description: Cell Site Tech has logged into the application."
"2018-07-02 18:19:53"|::1|/oneemstest/cellsitetech-ip-management.php|" User name: debarle User type : Cell sitetechnician Page:  Dicovery IPs page Description: Cell Site Tech has navigated to the Discovery IPs page."
"2018-07-02 18:20:19"|::1|/oneemstest/cellsitetech-ip-management.php|" User name: debarle User type : Cell sitetechnician Page:  Dicovery IPs page Description: Cell Site Tech has navigated to the Discovery IPs page."
"2018-07-02 18:20:31"|::1|/oneemstest/cellsitetech-discovery.php|" User name: debarle User type : Cell sitetechnician Page:  Discovery Results page Description: Cell Site Tech has navigated to the Discovery Results page."
"2018-07-02 18:20:49"|::1|/oneemstest/cellsitetech-discovery.php|" User name: debarle User type : Cell sitetechnician Page:  Discovery Results page Description: Cell Site Tech has navigated to the Discovery Results page."
"2018-07-02 18:20:54"|::1|/oneemstest/os-repository.php|" User name: debarle User type : Cell sitetechnician Page:  OS Repository page Description: Cell Site Tech has navigated to the OS Repository Software Upload page."
"2018-07-02 18:21:17"|::1|/oneemstest/os-repository.php|" User name: debarle User type : Cell sitetechnician Page:  OS Repository page Description: Cell Site Tech has navigated to the OS Repository Software Upload page."
"2018-07-02 18:21:31"|::1|/oneemstest/sw-delivery-devices.php|" User name: debarle User type : Cell sitetechnician Page:  Software Delivery page Description: Cell Site Tech has navigated to the Software Delivery page."
"2018-07-02 18:21:59"|::1|/oneemstest/sw-delivery-devices.php|" User name: debarle User type : Cell sitetechnician Page:  Software Delivery page Description: Cell Site Tech has navigated to the Software Delivery page."
"2018-07-02 18:22:07"|::1|/oneemstest/sw-bootorder-sequence-new.php|" User name: debarle User type : Cell sitetechnician Page:  Change-bootorder-sequence Settings Description: Cell Site Tech has navigated to the OS Repository Software Upload page."
"2018-07-02 18:22:37"|::1|/oneemstest/help.php|" User name: debarle User type : Cell sitetechnician Page:  Main help page Description: User has navigated the first Help page."
"2018-07-02 18:22:47"|::1|/oneemstest/help_maintenance.php|" User name: debarle User type : Cell sitetechnician Page:  Software Maintenance help page Description: User has navigated to the Software Maintenance help page."
"2018-07-02 18:23:15"|::1|/oneemstest/help_faqs.php|" User name: debarle User type : Cell sitetechnician Page:  FAQs Help page Description: User has navigated to the FAQs help page."
"2018-07-02 18:23:32"|::1|/oneemstest/sw-delivery-devices.php|" User name: debarle User type : Cell sitetechnician Page:  Software Delivery page Description: Cell Site Tech has navigated to the Software Delivery page."
"2018-07-02 18:26:21"|::1|/oneemstest/sw-delivery-devices.php|" User name: debarle User type : Cell sitetechnician Page:  Software Delivery page Description: Cell Site Tech has navigated to the Software Delivery page."
"2018-07-02 18:27:24"|::1|/oneemstest/cellsitetech-dashboard.php|" User name: debarle User type : Cell sitetechnician Page:  cellsitetech landing page Description: Logged in. "
"2018-07-02 18:27:24"|::1|/oneemstest/cellsitetech-dashboard.php|" User name: debarle User type : Cell sitetechnician Page:  Network Elements page Description: Cell Site Tech has logged into the application."
"2018-07-02 18:27:28"|::1|/oneemstest/schedule-backup.php|" User name: debarle User type : Cell sitetechnician Page:  Schedule-backup Settings Description: Cell Site Tech has navigated to the OS Repository Software Upload page."
