[2018/03/30 01:41:19] 
[2018/03/30 01:41:43] 
[2018/03/30 01:42:01] 
[2018/03/30 01:43:27] Bearer oneemscarmsapi
[2018/03/30 01:43:27] Bearer oneemscarmsapi
[2018/03/30 01:43:34] Bearer oneemscarmsapi222
[2018/03/30 01:43:34] Bearer oneemscarmsapi222
[2018/03/30 01:43:42] Bearer oneemscarmsapi
[2018/03/30 01:43:42] Bearer oneemscarmsapi
[2018/03/30 01:46:53] Bearer oneemscarmsapi
[2018/03/30 01:46:53] Bearer oneemscarmsapi
[2018/03/30 01:47:54] Bearer oneemscarmsapiee
[2018/03/30 01:47:54] Bearer oneemscarmsapiee
[2018/04/04 02:08:39] Bearer oneemscarmsapi
[2018/04/04 02:11:02] Bearer oneemscarmsapi
[2018/04/04 02:11:48] Bearer aaass
[2018/04/04 02:17:16] Bearer oneemscarmsapi
[2018/04/04 02:17:16] Bearer oneemscarmsapi
[2018/04/04 02:20:42] Bearer oneemscarmsapiee
[2018/04/04 02:20:42] Bearer oneemscarmsapiee
[2018/04/04 02:20:51] Bearer oneemscarmsapi
[2018/04/04 02:20:51] Bearer oneemscarmsapi
[2018/04/04 02:35:40] Bearer oneemscarmsapi
[2018/04/04 02:35:40] Bearer oneemscarmsapi
[2018/04/04 02:35:54] Bearer oneemscarmsapi
[2018/04/04 02:35:54] Bearer oneemscarmsapi
[2018/04/04 02:42:13] Bearer aaass
[2018/04/04 02:44:06] Bearer oneemscarmsapi
[2018/04/04 04:09:26] 
[2018/04/04 04:09:57] 
[2018/04/04 04:11:46] 
[2018/04/04 04:12:08] 
[2018/04/04 06:24:37] 
[2018/04/04 06:25:32] Bearer oneemscarmsapi
[2018/04/04 06:27:26] Bearer oneemscarmsapii
[2018/04/04 06:27:26] Bearer oneemscarmsapii
[2018/04/04 06:27:33] Bearer oneemscarmsapi
[2018/04/04 06:27:33] Bearer oneemscarmsapi
[2018/04/04 06:28:06] Bearer oneemscarmsapi
[2018/04/04 06:29:01] Bearer oneemscarmsapii
[2018/04/04 06:29:01] Bearer oneemscarmsapii
[2018/04/04 06:29:07] Bearer oneemscarmsapi
[2018/04/04 06:29:07] Bearer oneemscarmsapi
[2018/04/04 07:40:34] Bearer oneemscarmsapi
[2018/04/04 07:55:59] Bearer oneemscarmsapi
[2018/04/04 07:56:24] Bearer oneemscarmsapi
[2018/04/06 07:06:37] 
[2018/04/12 06:52:42] 
[2018/04/12 06:58:15] 
[2018/04/12 06:58:32] 
[2018/04/12 06:59:47] 
[2018/04/12 06:59:52] 
[2018/04/12 06:59:59] 
[2018/04/12 07:52:27] 
[2018/04/12 07:54:26] 
[2018/04/12 07:59:02] 
[2018/04/12 08:24:07] 
[2018/04/12 08:40:10] 
[2018/04/12 08:41:33] 
[2018/04/12 08:42:13] 
[2018/04/12 08:58:05] 
[2018/04/12 09:01:11] 
[2018/04/12 09:03:15] 
[2018/04/12 09:04:56] 
[2018/04/12 09:23:23] 
[2018/04/12 09:26:31] 
[2018/04/12 09:27:16] 
[2018/04/12 09:37:54] 
[2018/04/13 03:11:15] 
[2018/04/13 03:18:22] 
[2018/04/13 03:18:55] 
[2018/04/13 03:40:01] 
[2018/04/13 03:40:43] 
[2018/04/13 05:24:24] 
[2018/04/13 05:25:36] 
[2018/04/13 05:28:55] Bearer oneemscarmsapi
[2018/04/13 05:29:27] Bearer oneemscarmsapi
[2018/04/13 05:30:44] Bearer oneemscarmsapi
[2018/04/13 06:15:07] Bearer oneemscarmsapi
